[0mGET /post/cate [36m304 [0m14.173 ms - -[0m
[0mGET /post/list?cate=%25EB%2585%25B8%25EB%2593%259CJS&page=1&limit=5 [32m200 [0m17.047 ms - 415[0m
[0mGET /post/cate [36m304 [0m9.713 ms - -[0m
[0mGET /post/list?cate=%25EB%2585%25B8%25EB%2593%259CJS&page=1&limit=5 [36m304 [0m9.554 ms - -[0m
[0mGET /post/cate [36m304 [0m3.302 ms - -[0m
[0mGET /post/list?cate=%25EB%2585%25B8%25EB%2593%259CJS&page=1&limit=5 [36m304 [0m6.698 ms - -[0m
[0mGET /post/cate [36m304 [0m3.495 ms - -[0m
[0mGET /post/list?cate=%25EB%2585%25B8%25EB%2593%259CJS&page=1&limit=5 [36m304 [0m5.532 ms - -[0m
[0mGET /post/cate [36m304 [0m3.739 ms - -[0m
[0mGET /post/list?cate=%25EB%2585%25B8%25EB%2593%259CJS&page=1&limit=5 [36m304 [0m9.528 ms - -[0m
[0mGET /post/cate [36m304 [0m7.428 ms - -[0m
[0mGET /post/list?cate=%25EB%2585%25B8%25EB%2593%259CJS&page=1&limit=5 [36m304 [0m7.653 ms - -[0m
[0mGET /post/cate [36m304 [0m3.472 ms - -[0m
[0mGET /post/list?cate=%25EB%2585%25B8%25EB%2593%259CJS&page=1&limit=5 [36m304 [0m7.136 ms - -[0m
[0mGET /post/cate [36m304 [0m6.465 ms - -[0m
[0mGET /post/list?cate=%25EB%2585%25B8%25EB%2593%259CJS&page=1&limit=5 [36m304 [0m8.306 ms - -[0m
[0mGET /post/cate [36m304 [0m3.375 ms - -[0m
[0mGET /post/list?cate=%25EB%2585%25B8%25EB%2593%259CJS&page=1&limit=5 [36m304 [0m6.554 ms - -[0m
[0mGET /post/cate [36m304 [0m7.175 ms - -[0m
[0mGET /post/list?cate=%25EB%2585%25B8%25EB%2593%259CJS&page=1&limit=5 [36m304 [0m7.109 ms - -[0m
[0mGET /post/list?cate=%25EB%2585%25B8%25EB%2593%259CJS&page=1&limit=5 [36m304 [0m13.794 ms - -[0m
[0mGET /post/list?cate=%25EB%2585%25B8%25EB%2593%259CJS&page=1&limit=5 [36m304 [0m7.619 ms - -[0m
[0mGET /post/cate [36m304 [0m4.281 ms - -[0m
[0mGET /post/list?cate=%25EB%2585%25B8%25EB%2593%259CJS&page=1&limit=5 [36m304 [0m8.700 ms - -[0m
[0mGET /post/cate [36m304 [0m8.033 ms - -[0m
[0mGET /post/list?cate=%25EB%2585%25B8%25EB%2593%259CJS&page=1&limit=5 [36m304 [0m8.205 ms - -[0m
[0mGET /post/cate [36m304 [0m3.578 ms - -[0m
[0mGET /post/list?cate=%25EB%2585%25B8%25EB%2593%259CJS&page=1&limit=5 [36m304 [0m8.495 ms - -[0m
[0mGET /post/cate [36m304 [0m6.816 ms - -[0m
[0mGET /post/list?cate=%25EB%2585%25B8%25EB%2593%259CJS&page=1&limit=5 [36m304 [0m7.330 ms - -[0m
[0mGET /post/list?cate=%25EB%25B7%25B0JS&page=1&limit=5 [32m200 [0m8.976 ms - 2147[0m
[0mGET /post/list?cate=%25EC%2597%25AC%25EA%25B0%2580%25EC%2583%259D%25ED%2599%259C&page=1&limit=5 [32m200 [0m6.283 ms - 383[0m
[0mGET /post/list?cate=%25EB%25B7%25B0JS&page=1&limit=5 [36m304 [0m7.679 ms - -[0m
[0mGET /post/list?cate=%25EB%2585%25B8%25EB%2593%259CJS&page=1&limit=5 [36m304 [0m6.237 ms - -[0m
[0mGET /post/cate [36m304 [0m6.983 ms - -[0m
[0mGET /post/list?cate=%25EB%2585%25B8%25EB%2593%259CJS&page=1&limit=5 [36m304 [0m6.913 ms - -[0m
[0mGET /post/list?cate=%25EB%25B7%25B0JS&page=1&limit=5 [36m304 [0m6.002 ms - -[0m
[0mGET /post/list?cate=%25EC%2597%25AC%25EA%25B0%2580%25EC%2583%259D%25ED%2599%259C&page=1&limit=5 [32m200 [0m7.142 ms - 1831[0m
[0mGET /post/cate [36m304 [0m6.636 ms - -[0m
[0mGET /post/list?cate=%25EB%2585%25B8%25EB%2593%259CJS&page=1&limit=5 [36m304 [0m7.308 ms - -[0m
[0mGET /post/cate [36m304 [0m4.963 ms - -[0m
[0mGET /post/list?cate=%25EB%2585%25B8%25EB%2593%259CJS&page=1&limit=5 [36m304 [0m8.044 ms - -[0m
[0mGET /post/list?cate=%25EB%25B7%25B0JS&page=1&limit=5 [36m304 [0m6.161 ms - -[0m
[0mGET /post/list?cate=%25EC%2597%25AC%25EA%25B0%2580%25EC%2583%259D%25ED%2599%259C&page=1&limit=5 [32m200 [0m6.944 ms - 1836[0m
[0mGET /post/cate [36m304 [0m6.975 ms - -[0m
[0mGET /post/list?cate=%25EB%2585%25B8%25EB%2593%259CJS&page=1&limit=5 [36m304 [0m8.169 ms - -[0m
[0mGET /post/cate [36m304 [0m3.729 ms - -[0m
[0mGET /post/list?cate=%25EB%2585%25B8%25EB%2593%259CJS&page=1&limit=5 [36m304 [0m6.666 ms - -[0m
[0mGET /post/list?cate=%25EB%25B7%25B0JS&page=1&limit=5 [36m304 [0m7.950 ms - -[0m
[0mGET /post/list?cate=%25EC%2597%25AC%25EA%25B0%2580%25EC%2583%259D%25ED%2599%259C&page=1&limit=5 [36m304 [0m8.514 ms - -[0m
[0mGET /post/list?cate=%25EB%25B7%25B0JS&page=1&limit=5 [36m304 [0m6.235 ms - -[0m
[0mGET /post/list?cate=%25EB%2585%25B8%25EB%2593%259CJS&page=1&limit=5 [36m304 [0m11.299 ms - -[0m
[0mGET /post/list?cate=%25EB%2585%25B8%25EB%2593%259CJS&page=1&limit=5 [36m304 [0m12.572 ms - -[0m
[0mGET /post/list?cate=%25EB%2585%25B8%25EB%2593%259CJS&page=1&limit=5 [36m304 [0m8.338 ms - -[0m
[0mGET /post/cate [36m304 [0m7.542 ms - -[0m
[0mGET /post/list?cate=%25EB%2585%25B8%25EB%2593%259CJS&page=1&limit=5 [36m304 [0m6.494 ms - -[0m
[0mGET /post/cate [36m304 [0m3.873 ms - -[0m
[0mGET /post/list?cate=%25EB%2585%25B8%25EB%2593%259CJS&page=1&limit=5 [36m304 [0m8.349 ms - -[0m
[0mGET /post/cate [36m304 [0m3.300 ms - -[0m
[0mGET /post/list?cate=%25EB%2585%25B8%25EB%2593%259CJS&page=1&limit=5 [36m304 [0m6.365 ms - -[0m
[0mGET /post/cate [36m304 [0m3.580 ms - -[0m
[0mGET /post/list?cate=%25EB%2585%25B8%25EB%2593%259CJS&page=1&limit=5 [36m304 [0m8.623 ms - -[0m
[0mGET /post/cate [36m304 [0m6.091 ms - -[0m
[0mGET /post/list?cate=%25EB%2585%25B8%25EB%2593%259CJS&page=1&limit=5 [36m304 [0m6.737 ms - -[0m
[0mGET /post/cate [36m304 [0m3.807 ms - -[0m
[0mGET /post/list?cate=%25EB%2585%25B8%25EB%2593%259CJS&page=1&limit=5 [36m304 [0m7.726 ms - -[0m
[0mGET /post/list?cate=%25EB%25B7%25B0JS&page=1&limit=5 [36m304 [0m8.155 ms - -[0m
[0mGET /post/list?cate=%25EC%2597%25AC%25EA%25B0%2580%25EC%2583%259D%25ED%2599%259C&page=1&limit=5 [36m304 [0m7.092 ms - -[0m
[0mGET /post/cate [36m304 [0m7.438 ms - -[0m
[0mGET /post/list?cate=%25EB%2585%25B8%25EB%2593%259CJS&page=1&limit=5 [36m304 [0m9.058 ms - -[0m
[0mGET /post/list?cate=%25EB%25B7%25B0JS&page=1&limit=5 [36m304 [0m7.580 ms - -[0m
[0mGET /post/list?cate=%25EC%2597%25AC%25EA%25B0%2580%25EC%2583%259D%25ED%2599%259C&page=1&limit=5 [36m304 [0m7.553 ms - -[0m
[0mGET /post/list?cate=%25EB%2585%25B8%25EB%2593%259CJS&page=1&limit=5 [36m304 [0m8.692 ms - -[0m
[0mGET /post/list?cate=%25EB%25B7%25B0JS&page=1&limit=5 [36m304 [0m11.896 ms - -[0m
[0mGET /post/list?cate=%25EC%2597%25AC%25EA%25B0%2580%25EC%2583%259D%25ED%2599%259C&page=1&limit=5 [36m304 [0m6.268 ms - -[0m
[0mGET /post/list?cate=%25EB%25B7%25B0JS&page=2&limit=5 [32m200 [0m9.299 ms - 22[0m
[0mGET /post/list?cate=%25EB%2585%25B8%25EB%2593%259CJS&page=1&limit=5 [36m304 [0m6.650 ms - -[0m
[0mGET /post/cate [36m304 [0m3.775 ms - -[0m
[0mGET /post/list?cate=%25EB%25B7%25B0JS&page=1&limit=5 [36m304 [0m7.950 ms - -[0m
[0mGET /post/list?cate=%25EC%2597%25AC%25EA%25B0%2580%25EC%2583%259D%25ED%2599%259C&page=1&limit=5 [36m304 [0m8.885 ms - -[0m
[0mGET /post/list?cate=%25EB%25B7%25B0JS&page=1&limit=5 [36m304 [0m10.973 ms - -[0m
[0mGET /post/list?cate=%25EC%2597%25AC%25EA%25B0%2580%25EC%2583%259D%25ED%2599%259C&page=1&limit=5 [36m304 [0m9.673 ms - -[0m
[0mGET /post/list?cate=%25EB%25B7%25B0JS&page=1&limit=5 [36m304 [0m9.304 ms - -[0m
[0mGET /post/list?cate=%25EB%2585%25B8%25EB%2593%259CJS&page=1&limit=5 [36m304 [0m5.943 ms - -[0m
[0mGET /post/list?cate=%25EB%25B7%25B0JS&page=1&limit=5 [36m304 [0m6.402 ms - -[0m
[0mGET /post/list?cate=%25EC%2597%25AC%25EA%25B0%2580%25EC%2583%259D%25ED%2599%259C&page=1&limit=5 [36m304 [0m6.279 ms - -[0m
[0mGET /post/cate [36m304 [0m3.844 ms - -[0m
[0mGET /post/list?cate=%25EB%2585%25B8%25EB%2593%259CJS&page=1&limit=5 [36m304 [0m7.813 ms - -[0m
[0mGET /post/list?cate=%25EB%25B7%25B0JS&page=1&limit=5 [36m304 [0m5.865 ms - -[0m
[0mGET /post/list?cate=%25EC%2597%25AC%25EA%25B0%2580%25EC%2583%259D%25ED%2599%259C&page=1&limit=5 [36m304 [0m9.784 ms - -[0m
[0mGET /post/list?cate=%25EB%25B7%25B0JS&page=1&limit=5 [36m304 [0m5.729 ms - -[0m
[0mGET /post/list?cate=%25EB%2585%25B8%25EB%2593%259CJS&page=1&limit=5 [36m304 [0m6.317 ms - -[0m
[0mGET /post/list?cate=%25EB%25B7%25B0JS&page=1&limit=5 [36m304 [0m10.426 ms - -[0m
[0mGET /post/list?cate=%25EC%2597%25AC%25EA%25B0%2580%25EC%2583%259D%25ED%2599%259C&page=1&limit=5 [36m304 [0m7.575 ms - -[0m
[0mGET /post/cate [36m304 [0m3.563 ms - -[0m
[0mGET /post/list?cate=%25EB%2585%25B8%25EB%2593%259CJS&page=1&limit=5 [36m304 [0m9.223 ms - -[0m
[0mGET /post/list?cate=%25EB%25B7%25B0JS&page=1&limit=5 [36m304 [0m6.033 ms - -[0m
[0mGET /post/list?cate=%25EC%2597%25AC%25EA%25B0%2580%25EC%2583%259D%25ED%2599%259C&page=1&limit=5 [36m304 [0m6.293 ms - -[0m
[0mGET /post/list?cate=%25EB%2585%25B8%25EB%2593%259CJS&page=1&limit=5 [36m304 [0m6.327 ms - -[0m
[0mGET /post/list?cate=%25EB%25B7%25B0JS&page=1&limit=5 [36m304 [0m10.071 ms - -[0m
[0mGET /post/list?cate=%25EC%2597%25AC%25EA%25B0%2580%25EC%2583%259D%25ED%2599%259C&page=1&limit=5 [36m304 [0m6.612 ms - -[0m
[0mGET /post/cate [36m304 [0m8.336 ms - -[0m
[0mGET /post/list?cate=%25EB%2585%25B8%25EB%2593%259CJS&page=1&limit=5 [36m304 [0m10.096 ms - -[0m
[0mGET /post/list?cate=%25EB%25B7%25B0JS&page=1&limit=5 [36m304 [0m6.190 ms - -[0m
[0mGET /post/list?cate=%25EC%2597%25AC%25EA%25B0%2580%25EC%2583%259D%25ED%2599%259C&page=1&limit=5 [36m304 [0m6.678 ms - -[0m
[0mGET /post/cate [36m304 [0m3.994 ms - -[0m
[0mGET /post/list?cate=%25EB%2585%25B8%25EB%2593%259CJS&page=1&limit=5 [36m304 [0m6.615 ms - -[0m
[0mGET /post/cate [36m304 [0m3.406 ms - -[0m
[0mGET /post/list?cate=%25EB%2585%25B8%25EB%2593%259CJS&page=1&limit=5 [36m304 [0m8.190 ms - -[0m
[0mGET /post/list?cate=%25EB%25B7%25B0JS&page=1&limit=5 [36m304 [0m5.998 ms - -[0m
[0mGET /post/list?cate=%25EC%2597%25AC%25EA%25B0%2580%25EC%2583%259D%25ED%2599%259C&page=1&limit=5 [36m304 [0m7.042 ms - -[0m
[0mGET /post/cate [36m304 [0m6.089 ms - -[0m
[0mGET /post/list?cate=%25EB%2585%25B8%25EB%2593%259CJS&page=1&limit=5 [36m304 [0m9.082 ms - -[0m
[0mGET /post/list?cate=%25EB%25B7%25B0JS&page=1&limit=5 [36m304 [0m6.777 ms - -[0m
[0mGET /post/list?cate=%25EC%2597%25AC%25EA%25B0%2580%25EC%2583%259D%25ED%2599%259C&page=1&limit=5 [36m304 [0m7.928 ms - -[0m
[0mGET /post/list?cate=%25EB%2585%25B8%25EB%2593%259CJS&page=1&limit=5 [36m304 [0m6.490 ms - -[0m
[0mGET /post/list?cate=%25EB%25B7%25B0JS&page=1&limit=5 [36m304 [0m5.894 ms - -[0m
[0mGET /post/list?cate=%25EC%2597%25AC%25EA%25B0%2580%25EC%2583%259D%25ED%2599%259C&page=1&limit=5 [36m304 [0m5.937 ms - -[0m
[0mGET /post/list?cate=%25EB%2585%25B8%25EB%2593%259CJS&page=1&limit=5 [36m304 [0m6.323 ms - -[0m
[0mGET /post/list?cate=%25EB%25B7%25B0JS&page=1&limit=5 [36m304 [0m6.051 ms - -[0m
[0mGET /post/list?cate=%25EC%2597%25AC%25EA%25B0%2580%25EC%2583%259D%25ED%2599%259C&page=1&limit=5 [36m304 [0m8.842 ms - -[0m
[0mGET /post/list?cate=%25EB%2585%25B8%25EB%2593%259CJS&page=1&limit=5 [36m304 [0m6.186 ms - -[0m
[0mGET /post/list?cate=%25EC%2597%25AC%25EA%25B0%2580%25EC%2583%259D%25ED%2599%259C&page=1&limit=5 [36m304 [0m7.314 ms - -[0m
[0mGET /post/list?cate=%25EB%2585%25B8%25EB%2593%259CJS&page=2&limit=5 [32m200 [0m10.061 ms - 22[0m
[0mGET /post/list?cate=%25EC%2597%25AC%25EA%25B0%2580%25EC%2583%259D%25ED%2599%259C&page=1&limit=5 [36m304 [0m8.770 ms - -[0m
[0mGET /post/list?cate=%25EB%2585%25B8%25EB%2593%259CJS&page=1&limit=5 [36m304 [0m6.752 ms - -[0m
[0mGET /post/list?cate=%25EB%25B7%25B0JS&page=1&limit=5 [36m304 [0m6.352 ms - -[0m
[0mGET /post/list?cate=%25EC%2597%25AC%25EA%25B0%2580%25EC%2583%259D%25ED%2599%259C&page=1&limit=5 [36m304 [0m7.500 ms - -[0m
[0mGET /post/list?cate=%25EB%2585%25B8%25EB%2593%259CJS&page=1&limit=5 [36m304 [0m6.197 ms - -[0m
[0mGET /post/list?cate=%25EC%2597%25AC%25EA%25B0%2580%25EC%2583%259D%25ED%2599%259C&page=1&limit=5 [36m304 [0m6.463 ms - -[0m
[0mGET /post/list?cate=%25EB%2585%25B8%25EB%2593%259CJS&page=1&limit=5 [36m304 [0m7.829 ms - -[0m
[0mGET /post/list?cate=%25EC%2597%25AC%25EA%25B0%2580%25EC%2583%259D%25ED%2599%259C&page=1&limit=5 [36m304 [0m6.845 ms - -[0m
[0mGET /post/list?cate=%25EB%2585%25B8%25EB%2593%259CJS&page=1&limit=5 [36m304 [0m6.063 ms - -[0m
[0mGET /post/list?cate=%25EB%25B7%25B0JS&page=1&limit=5 [36m304 [0m6.121 ms - -[0m
[0mGET /post/list?cate=%25EB%2585%25B8%25EB%2593%259CJS&page=1&limit=5 [36m304 [0m7.614 ms - -[0m
[0mGET /post/list?cate=%25EC%2597%25AC%25EA%25B0%2580%25EC%2583%259D%25ED%2599%259C&page=1&limit=5 [36m304 [0m6.640 ms - -[0m
[0mGET /post/list?cate=%25EB%25B7%25B0JS&page=1&limit=5 [36m304 [0m6.895 ms - -[0m
[0mGET /post/list?cate=%25EC%2597%25AC%25EA%25B0%2580%25EC%2583%259D%25ED%2599%259C&page=1&limit=5 [36m304 [0m7.036 ms - -[0m
[0mGET /post/list?cate=%25EB%2585%25B8%25EB%2593%259CJS&page=2&limit=5 [36m304 [0m9.646 ms - -[0m
[0mGET /post/list?cate=%25EB%25B7%25B0JS&page=1&limit=5 [36m304 [0m8.119 ms - -[0m
[0mGET /post/list?cate=%25EB%2585%25B8%25EB%2593%259CJS&page=1&limit=5 [36m304 [0m7.175 ms - -[0m
[0mGET /post/list?cate=%25EC%2597%25AC%25EA%25B0%2580%25EC%2583%259D%25ED%2599%259C&page=1&limit=5 [36m304 [0m6.761 ms - -[0m
[0mGET /post/list?cate=%25EB%2585%25B8%25EB%2593%259CJS&page=2&limit=5 [36m304 [0m7.750 ms - -[0m
[0mGET /post/list?cate=%25EC%2597%25AC%25EA%25B0%2580%25EC%2583%259D%25ED%2599%259C&page=1&limit=5 [36m304 [0m11.080 ms - -[0m
[0mGET /post/list?cate=%25EB%2585%25B8%25EB%2593%259CJS&page=2&limit=5 [36m304 [0m5.748 ms - -[0m
[0mGET /post/list?cate=%25EB%25B7%25B0JS&page=1&limit=5 [36m304 [0m7.024 ms - -[0m
[0mGET /post/list?cate=%25EC%2597%25AC%25EA%25B0%2580%25EC%2583%259D%25ED%2599%259C&page=1&limit=5 [36m304 [0m6.762 ms - -[0m
[0mGET /post/list?cate=%25EB%25B7%25B0JS&page=1&limit=5 [36m304 [0m6.190 ms - -[0m
[0mGET /post/list?cate=%25EB%2585%25B8%25EB%2593%259CJS&page=1&limit=5 [36m304 [0m7.285 ms - -[0m
[0mGET /post/list?cate=%25EB%25B7%25B0JS&page=1&limit=5 [36m304 [0m5.758 ms - -[0m
[0mGET /post/list?cate=%25EC%2597%25AC%25EA%25B0%2580%25EC%2583%259D%25ED%2599%259C&page=1&limit=5 [36m304 [0m8.376 ms - -[0m
[0mGET /post/list?cate=%25EB%25B7%25B0JS&page=2&limit=5 [36m304 [0m10.408 ms - -[0m
[0mGET /post/cate [36m304 [0m6.576 ms - -[0m
[0mGET /post/list?cate=%25EB%2585%25B8%25EB%2593%259CJS&page=1&limit=5 [36m304 [0m8.625 ms - -[0m
[0mGET /post/list?cate=%25EB%25B7%25B0JS&page=1&limit=5 [36m304 [0m7.068 ms - -[0m
[0mGET /post/list?cate=%25EC%2597%25AC%25EA%25B0%2580%25EC%2583%259D%25ED%2599%259C&page=1&limit=5 [36m304 [0m6.944 ms - -[0m
[0mGET /post/list?cate=%25EC%2597%25AC%25EA%25B0%2580%25EC%2583%259D%25ED%2599%259C&page=1&limit=5 [36m304 [0m10.824 ms - -[0m
[0mGET /post/list?cate=%25EC%2597%25AC%25EA%25B0%2580%25EC%2583%259D%25ED%2599%259C&page=2&limit=5 [32m200 [0m7.853 ms - 1836[0m
[0mGET /post/cate [36m304 [0m3.112 ms - -[0m
[0mGET /post/list?cate=%25EB%2585%25B8%25EB%2593%259CJS&page=1&limit=5 [36m304 [0m8.608 ms - -[0m
[0mGET /post/list?cate=%25EB%25B7%25B0JS&page=1&limit=5 [36m304 [0m7.795 ms - -[0m
[0mGET /post/list?cate=%25EC%2597%25AC%25EA%25B0%2580%25EC%2583%259D%25ED%2599%259C&page=1&limit=5 [36m304 [0m6.362 ms - -[0m
[0mGET /post/cate [36m304 [0m6.816 ms - -[0m
[0mGET /post/list?cate=%25EB%2585%25B8%25EB%2593%259CJS&page=1&limit=5 [36m304 [0m7.523 ms - -[0m
[0mGET /post/cate [36m304 [0m4.915 ms - -[0m
[0mGET /post/list?cate=%25EB%2585%25B8%25EB%2593%259CJS&page=1&limit=5 [36m304 [0m7.901 ms - -[0m
[0mGET /post/list?cate=%25EB%25B7%25B0JS&page=1&limit=5 [36m304 [0m6.771 ms - -[0m
[0mGET /post/list?cate=%25EC%2597%25AC%25EA%25B0%2580%25EC%2583%259D%25ED%2599%259C&page=1&limit=5 [36m304 [0m7.640 ms - -[0m
[0mGET /post/list?cate=%25EB%2585%25B8%25EB%2593%259CJS&page=2&limit=5 [36m304 [0m8.757 ms - -[0m
[0mGET /post/list?cate=%25EC%2597%25AC%25EA%25B0%2580%25EC%2583%259D%25ED%2599%259C&page=1&limit=5 [36m304 [0m7.188 ms - -[0m
[0mGET /post/cate [36m304 [0m6.187 ms - -[0m
[0mGET /post/list?cate=%25EB%2585%25B8%25EB%2593%259CJS&page=1&limit=5 [36m304 [0m8.453 ms - -[0m
[0mGET /post/list?cate=%25EB%25B7%25B0JS&page=1&limit=5 [36m304 [0m6.907 ms - -[0m
[0mGET /post/list?cate=%25EC%2597%25AC%25EA%25B0%2580%25EC%2583%259D%25ED%2599%259C&page=1&limit=5 [36m304 [0m8.417 ms - -[0m
[0mPOST /user/login [32m200 [0m9.259 ms - 186[0m
[0mGET /user/info [32m200 [0m2.010 ms - 31[0m
[0mGET /post/cate [36m304 [0m6.867 ms - -[0m
[0mGET /post/list?cate=%25EB%2585%25B8%25EB%2593%259CJS&page=1&limit=5 [36m304 [0m7.714 ms - -[0m
[0mGET /post/list?cate=%25EB%25B7%25B0JS&page=1&limit=5 [36m304 [0m7.126 ms - -[0m
[0mGET /post/list?cate=%25EC%2597%25AC%25EA%25B0%2580%25EC%2583%259D%25ED%2599%259C&page=1&limit=5 [36m304 [0m5.956 ms - -[0m
[0mGET /post/list?cate=%25EC%2597%25AC%25EA%25B0%2580%25EC%2583%259D%25ED%2599%259C&page=2&limit=5 [36m304 [0m11.539 ms - -[0m
[0mGET /post/list?cate=%25EC%2597%25AC%25EA%25B0%2580%25EC%2583%259D%25ED%2599%259C&page=2&limit=5 [36m304 [0m5.774 ms - -[0m
[0mGET /post/list?cate=%25EC%2597%25AC%25EA%25B0%2580%25EC%2583%259D%25ED%2599%259C&page=1&limit=5 [36m304 [0m13.104 ms - -[0m
[0mGET /post/list?cate=%25EC%2597%25AC%25EA%25B0%2580%25EC%2583%259D%25ED%2599%259C&page=2&limit=5 [36m304 [0m7.558 ms - -[0m
[0mGET /post/list?cate=%25EC%2597%25AC%25EA%25B0%2580%25EC%2583%259D%25ED%2599%259C&page=1&limit=5 [36m304 [0m15.652 ms - -[0m
[0mGET /post/list?cate=%25EC%2597%25AC%25EA%25B0%2580%25EC%2583%259D%25ED%2599%259C&page=2&limit=5 [36m304 [0m7.154 ms - -[0m
[0mGET /post/list?cate=undefined&page=1&limit=5 [32m200 [0m15.380 ms - 22[0m
[0mGET /post/list?cate=undefined&page=1&limit=5 [36m304 [0m7.027 ms - -[0m
[0mGET /post/cate [36m304 [0m3.926 ms - -[0m
[0mGET /post/list?cate=undefined&page=1&limit=5 [36m304 [0m7.788 ms - -[0m
[0mGET /post/list?cate=%25EB%2585%25B8%25EB%2593%259CJS&page=1&limit=5 [36m304 [0m17.145 ms - -[0m
[0mGET /post/list?cate=%25EC%2597%25AC%25EA%25B0%2580%25EC%2583%259D%25ED%2599%259C&page=1&limit=5 [36m304 [0m16.247 ms - -[0m
[0mGET /post/list?cate=%25EB%25B7%25B0JS&page=1&limit=5 [36m304 [0m7.530 ms - -[0m
[0mGET /post/list?cate=%25EB%25B7%25B0JS&page=1&limit=5 [36m304 [0m6.557 ms - -[0m
[0mGET /post/list?cate=%25EC%2597%25AC%25EA%25B0%2580%25EC%2583%259D%25ED%2599%259C&page=1&limit=5 [36m304 [0m7.652 ms - -[0m
[0mGET /post/list?cate=%25EC%2597%25AC%25EA%25B0%2580%25EC%2583%259D%25ED%2599%259C&page=1&limit=5 [36m304 [0m6.098 ms - -[0m
[0mGET /post/cate [36m304 [0m7.482 ms - -[0m
[0mGET /post/list?cate=%25EB%2585%25B8%25EB%2593%259CJS&page=1&limit=5 [36m304 [0m9.138 ms - -[0m
[0mGET /post/list?cate=%25EC%2597%25AC%25EA%25B0%2580%25EC%2583%259D%25ED%2599%259C&page=1&limit=5 [36m304 [0m6.801 ms - -[0m
[0mGET /post/cate [36m304 [0m6.598 ms - -[0m
[0mGET /post/list?cate=%25EB%2585%25B8%25EB%2593%259CJS&page=1&limit=5 [36m304 [0m8.097 ms - -[0m
[0mGET /post/list?cate=%25EC%2597%25AC%25EA%25B0%2580%25EC%2583%259D%25ED%2599%259C&page=1&limit=5 [36m304 [0m7.733 ms - -[0m
[0mGET /post/list?cate=%25EC%2597%25AC%25EA%25B0%2580%25EC%2583%259D%25ED%2599%259C&page=1&limit=5 [36m304 [0m12.090 ms - -[0m
[0mGET /post/list?cate=%25EC%2597%25AC%25EA%25B0%2580%25EC%2583%259D%25ED%2599%259C&page=1&limit=5 [36m304 [0m8.094 ms - -[0m
[0mGET /post/list?cate=%25EC%2597%25AC%25EA%25B0%2580%25EC%2583%259D%25ED%2599%259C&page=1&limit=5 [36m304 [0m13.948 ms - -[0m
[0mGET /post/list?cate=%25EC%2597%25AC%25EA%25B0%2580%25EC%2583%259D%25ED%2599%259C&page=1&limit=5 [36m304 [0m8.019 ms - -[0m
[0mGET /post/list?cate=%25EC%2597%25AC%25EA%25B0%2580%25EC%2583%259D%25ED%2599%259C&page=1&limit=5 [36m304 [0m7.419 ms - -[0m
[0mGET /post/list?cate=%25EC%2597%25AC%25EA%25B0%2580%25EC%2583%259D%25ED%2599%259C&page=1&limit=5 [36m304 [0m8.464 ms - -[0m
[0mGET /post/list?cate=%25EC%2597%25AC%25EA%25B0%2580%25EC%2583%259D%25ED%2599%259C&page=1&limit=5 [36m304 [0m11.294 ms - -[0m
[0mGET /post/list?cate=%25EC%2597%25AC%25EA%25B0%2580%25EC%2583%259D%25ED%2599%259C&page=1&limit=5 [36m304 [0m6.245 ms - -[0m
