::1 - - [11/Jun/2018:10:40:18 +0000] "GET /post/cate HTTP/1.1" 304 - "http://localhost:4000/home" "Mozilla/5.0 (Windows NT 10.0; Win64; x64) AppleWebKit/537.36 (KHTML, like Gecko) Chrome/66.0.3359.181 Safari/537.36"
::1 - - [11/Jun/2018:10:40:18 +0000] "GET /post/list?cate=%25EB%2585%25B8%25EB%2593%259CJS&page=1&limit=5 HTTP/1.1" 304 - "http://localhost:4000/home" "Mozilla/5.0 (Windows NT 10.0; Win64; x64) AppleWebKit/537.36 (KHTML, like Gecko) Chrome/66.0.3359.181 Safari/537.36"
::1 - - [11/Jun/2018:10:40:21 +0000] "GET /post/cate/count HTTP/1.1" 304 - "http://localhost:4000/documentation" "Mozilla/5.0 (Windows NT 10.0; Win64; x64) AppleWebKit/537.36 (KHTML, like Gecko) Chrome/66.0.3359.181 Safari/537.36"
::1 - - [11/Jun/2018:10:40:21 +0000] "GET /post/list/all HTTP/1.1" 304 - "http://localhost:4000/documentation" "Mozilla/5.0 (Windows NT 10.0; Win64; x64) AppleWebKit/537.36 (KHTML, like Gecko) Chrome/66.0.3359.181 Safari/537.36"
::1 - - [11/Jun/2018:10:41:28 +0000] "GET /post/cate HTTP/1.1" 304 - "http://localhost:4000/documentation" "Mozilla/5.0 (Windows NT 10.0; Win64; x64) AppleWebKit/537.36 (KHTML, like Gecko) Chrome/66.0.3359.181 Safari/537.36"
::1 - - [11/Jun/2018:10:41:28 +0000] "GET /post/list/all HTTP/1.1" 304 - "http://localhost:4000/documentation" "Mozilla/5.0 (Windows NT 10.0; Win64; x64) AppleWebKit/537.36 (KHTML, like Gecko) Chrome/66.0.3359.181 Safari/537.36"
::1 - - [11/Jun/2018:10:41:28 +0000] "GET /post/cate/count HTTP/1.1" 304 - "http://localhost:4000/documentation" "Mozilla/5.0 (Windows NT 10.0; Win64; x64) AppleWebKit/537.36 (KHTML, like Gecko) Chrome/66.0.3359.181 Safari/537.36"
::1 - - [11/Jun/2018:10:41:31 +0000] "GET /post/list?cate=%25EB%2585%25B8%25EB%2593%259CJS&page=1&limit=5 HTTP/1.1" 304 - "http://localhost:4000/home" "Mozilla/5.0 (Windows NT 10.0; Win64; x64) AppleWebKit/537.36 (KHTML, like Gecko) Chrome/66.0.3359.181 Safari/537.36"
::1 - - [11/Jun/2018:11:16:50 +0000] "GET /list/cate HTTP/1.1" 404 148 "-" "Mozilla/5.0 (Windows NT 10.0; Win64; x64) AppleWebKit/537.36 (KHTML, like Gecko) Chrome/66.0.3359.181 Safari/537.36"
::1 - - [11/Jun/2018:11:17:12 +0000] "GET /post/list HTTP/1.1" 500 50 "-" "Mozilla/5.0 (Windows NT 10.0; Win64; x64) AppleWebKit/537.36 (KHTML, like Gecko) Chrome/66.0.3359.181 Safari/537.36"
::1 - - [11/Jun/2018:11:17:56 +0000] "GET /post/list HTTP/1.1" 500 50 "-" "Mozilla/5.0 (Windows NT 10.0; Win64; x64) AppleWebKit/537.36 (KHTML, like Gecko) Chrome/66.0.3359.181 Safari/537.36"
::1 - - [11/Jun/2018:11:18:03 +0000] "GET /post/list HTTP/1.1" 500 2034 "-" "Mozilla/5.0 (Windows NT 10.0; Win64; x64) AppleWebKit/537.36 (KHTML, like Gecko) Chrome/66.0.3359.181 Safari/537.36"
::1 - - [11/Jun/2018:11:18:08 +0000] "GET /post/list HTTP/1.1" 500 2034 "-" "Mozilla/5.0 (Windows NT 10.0; Win64; x64) AppleWebKit/537.36 (KHTML, like Gecko) Chrome/66.0.3359.181 Safari/537.36"
::1 - - [11/Jun/2018:11:18:13 +0000] "GET /post/list HTTP/1.1" 500 2034 "-" "Mozilla/5.0 (Windows NT 10.0; Win64; x64) AppleWebKit/537.36 (KHTML, like Gecko) Chrome/66.0.3359.181 Safari/537.36"
::1 - - [11/Jun/2018:11:18:18 +0000] "GET /post/list HTTP/1.1" 500 2034 "-" "Mozilla/5.0 (Windows NT 10.0; Win64; x64) AppleWebKit/537.36 (KHTML, like Gecko) Chrome/66.0.3359.181 Safari/537.36"
::1 - - [11/Jun/2018:11:18:23 +0000] "GET /post/list HTTP/1.1" 500 2034 "-" "Mozilla/5.0 (Windows NT 10.0; Win64; x64) AppleWebKit/537.36 (KHTML, like Gecko) Chrome/66.0.3359.181 Safari/537.36"
::1 - - [11/Jun/2018:11:18:28 +0000] "GET /post/list HTTP/1.1" 500 2034 "-" "Mozilla/5.0 (Windows NT 10.0; Win64; x64) AppleWebKit/537.36 (KHTML, like Gecko) Chrome/66.0.3359.181 Safari/537.36"
::1 - - [11/Jun/2018:11:29:10 +0000] "GET /post/list HTTP/1.1" 500 1787 "-" "Mozilla/5.0 (Windows NT 10.0; Win64; x64) AppleWebKit/537.36 (KHTML, like Gecko) Chrome/66.0.3359.181 Safari/537.36"
::1 - - [11/Jun/2018:11:30:04 +0000] "GET /post/list HTTP/1.1" 500 1787 "-" "Mozilla/5.0 (Windows NT 10.0; Win64; x64) AppleWebKit/537.36 (KHTML, like Gecko) Chrome/66.0.3359.181 Safari/537.36"
::1 - - [11/Jun/2018:11:33:58 +0000] "GET /post/list HTTP/1.1" 500 1787 "-" "Mozilla/5.0 (Windows NT 10.0; Win64; x64) AppleWebKit/537.36 (KHTML, like Gecko) Chrome/66.0.3359.181 Safari/537.36"
::1 - - [11/Jun/2018:11:46:51 +0000] "GET /post/list HTTP/1.1" 500 54 "-" "Mozilla/5.0 (Windows NT 10.0; Win64; x64) AppleWebKit/537.36 (KHTML, like Gecko) Chrome/66.0.3359.181 Safari/537.36"
::1 - - [11/Jun/2018:12:27:59 +0000] "GET /post/cate HTTP/1.1" 304 - "http://localhost:4000/home" "Mozilla/5.0 (Windows NT 10.0; Win64; x64) AppleWebKit/537.36 (KHTML, like Gecko) Chrome/66.0.3359.181 Safari/537.36"
::1 - - [11/Jun/2018:12:27:59 +0000] "GET /post/list?cate=%25EB%2585%25B8%25EB%2593%259CJS&page=1&limit=5 HTTP/1.1" 304 - "http://localhost:4000/home" "Mozilla/5.0 (Windows NT 10.0; Win64; x64) AppleWebKit/537.36 (KHTML, like Gecko) Chrome/66.0.3359.181 Safari/537.36"
::1 - - [11/Jun/2018:12:41:59 +0000] "GET /post/cate HTTP/1.1" 304 - "http://localhost:4000/home" "Mozilla/5.0 (Windows NT 10.0; Win64; x64) AppleWebKit/537.36 (KHTML, like Gecko) Chrome/66.0.3359.181 Safari/537.36"
::1 - - [11/Jun/2018:12:42:00 +0000] "GET /post/list?cate=%25EB%2585%25B8%25EB%2593%259CJS&page=1&limit=5 HTTP/1.1" 304 - "http://localhost:4000/home" "Mozilla/5.0 (Windows NT 10.0; Win64; x64) AppleWebKit/537.36 (KHTML, like Gecko) Chrome/66.0.3359.181 Safari/537.36"
::1 - - [11/Jun/2018:12:42:08 +0000] "GET /post/cate HTTP/1.1" 304 - "http://localhost:4000/home" "Mozilla/5.0 (Windows NT 10.0; Win64; x64) AppleWebKit/537.36 (KHTML, like Gecko) Chrome/66.0.3359.181 Safari/537.36"
::1 - - [11/Jun/2018:12:42:08 +0000] "GET /post/list?cate=%25EB%2585%25B8%25EB%2593%259CJS&page=1&limit=5 HTTP/1.1" 304 - "http://localhost:4000/home" "Mozilla/5.0 (Windows NT 10.0; Win64; x64) AppleWebKit/537.36 (KHTML, like Gecko) Chrome/66.0.3359.181 Safari/537.36"
::1 - - [11/Jun/2018:12:57:53 +0000] "GET /post/cate HTTP/1.1" 304 - "http://121.132.88.200/home" "Mozilla/5.0 (Windows NT 10.0; Win64; x64) AppleWebKit/537.36 (KHTML, like Gecko) Chrome/66.0.3359.181 Safari/537.36"
::1 - - [11/Jun/2018:12:58:06 +0000] "GET /post/cate HTTP/1.1" 304 - "http://121.132.88.200/home" "Mozilla/5.0 (Windows NT 10.0; Win64; x64) AppleWebKit/537.36 (KHTML, like Gecko) Chrome/66.0.3359.181 Safari/537.36"
::1 - - [11/Jun/2018:13:13:45 +0000] "GET /post/cate HTTP/1.1" 304 - "http://121.132.88.200/home" "Mozilla/5.0 (Windows NT 10.0; Win64; x64) AppleWebKit/537.36 (KHTML, like Gecko) Chrome/66.0.3359.181 Safari/537.36"
::1 - - [11/Jun/2018:14:42:54 +0000] "GET /post/cate HTTP/1.1" 200 119 "http://localhost:4000/home" "Mozilla/5.0 (Windows NT 10.0; Win64; x64) AppleWebKit/537.36 (KHTML, like Gecko) Chrome/66.0.3359.181 Safari/537.36"
::1 - - [11/Jun/2018:14:42:54 +0000] "GET /post/list?cate=%25EB%2585%25B8%25EB%2593%259CJS&page=1&limit=5 HTTP/1.1" 200 443 "http://localhost:4000/home" "Mozilla/5.0 (Windows NT 10.0; Win64; x64) AppleWebKit/537.36 (KHTML, like Gecko) Chrome/66.0.3359.181 Safari/537.36"
::1 - - [11/Jun/2018:14:45:08 +0000] "GET /post/cate HTTP/1.1" 304 - "http://localhost:4000/home" "Mozilla/5.0 (Windows NT 10.0; Win64; x64) AppleWebKit/537.36 (KHTML, like Gecko) Chrome/66.0.3359.181 Safari/537.36"
::1 - - [11/Jun/2018:14:45:08 +0000] "GET /post/list?cate=%25EB%2585%25B8%25EB%2593%259CJS&page=1&limit=5 HTTP/1.1" 304 - "http://localhost:4000/home" "Mozilla/5.0 (Windows NT 10.0; Win64; x64) AppleWebKit/537.36 (KHTML, like Gecko) Chrome/66.0.3359.181 Safari/537.36"
::1 - - [11/Jun/2018:14:59:00 +0000] "GET /post/cate HTTP/1.1" 304 - "http://localhost:4000/home" "Mozilla/5.0 (Windows NT 10.0; Win64; x64) AppleWebKit/537.36 (KHTML, like Gecko) Chrome/66.0.3359.181 Safari/537.36"
::1 - - [11/Jun/2018:14:59:00 +0000] "GET /post/list?cate=%25EB%2585%25B8%25EB%2593%259CJS&page=1&limit=5 HTTP/1.1" 304 - "http://localhost:4000/home" "Mozilla/5.0 (Windows NT 10.0; Win64; x64) AppleWebKit/537.36 (KHTML, like Gecko) Chrome/66.0.3359.181 Safari/537.36"
::1 - - [11/Jun/2018:15:01:14 +0000] "GET /post/cate HTTP/1.1" 200 119 "http://localhost:4000/home" "Mozilla/5.0 (Windows NT 10.0; Win64; x64) AppleWebKit/537.36 (KHTML, like Gecko) Chrome/66.0.3359.181 Safari/537.36"
::1 - - [11/Jun/2018:15:01:14 +0000] "GET /post/list?cate=%25EB%2585%25B8%25EB%2593%259CJS&page=1&limit=5 HTTP/1.1" 200 443 "http://localhost:4000/home" "Mozilla/5.0 (Windows NT 10.0; Win64; x64) AppleWebKit/537.36 (KHTML, like Gecko) Chrome/66.0.3359.181 Safari/537.36"
::1 - - [11/Jun/2018:15:03:05 +0000] "GET /post/list?cate=%25EB%2585%25B8%25EB%2593%259CJS&page=1&limit=5 HTTP/1.1" 304 - "http://localhost:4000/home" "Mozilla/5.0 (Windows NT 10.0; Win64; x64) AppleWebKit/537.36 (KHTML, like Gecko) Chrome/66.0.3359.181 Safari/537.36"
::1 - - [11/Jun/2018:15:03:07 +0000] "GET /post/list?cate=%25EB%2585%25B8%25EB%2593%259CJS&page=1&limit=5 HTTP/1.1" 304 - "http://localhost:4000/home" "Mozilla/5.0 (Windows NT 10.0; Win64; x64) AppleWebKit/537.36 (KHTML, like Gecko) Chrome/66.0.3359.181 Safari/537.36"
::1 - - [11/Jun/2018:15:03:10 +0000] "GET /post/list/all HTTP/1.1" 200 5413 "http://localhost:4000/documentation" "Mozilla/5.0 (Windows NT 10.0; Win64; x64) AppleWebKit/537.36 (KHTML, like Gecko) Chrome/66.0.3359.181 Safari/537.36"
::1 - - [11/Jun/2018:15:03:10 +0000] "GET /post/cate/count HTTP/1.1" 200 149 "http://localhost:4000/documentation" "Mozilla/5.0 (Windows NT 10.0; Win64; x64) AppleWebKit/537.36 (KHTML, like Gecko) Chrome/66.0.3359.181 Safari/537.36"
::1 - - [11/Jun/2018:15:03:15 +0000] "GET /post/list?cate=%25EB%2585%25B8%25EB%2593%259CJS&page=1&limit=5 HTTP/1.1" 304 - "http://localhost:4000/home" "Mozilla/5.0 (Windows NT 10.0; Win64; x64) AppleWebKit/537.36 (KHTML, like Gecko) Chrome/66.0.3359.181 Safari/537.36"
::1 - - [11/Jun/2018:15:05:37 +0000] "GET /post/list/all HTTP/1.1" 200 5427 "http://localhost:4000/documentation" "Mozilla/5.0 (Windows NT 10.0; Win64; x64) AppleWebKit/537.36 (KHTML, like Gecko) Chrome/66.0.3359.181 Safari/537.36"
::1 - - [11/Jun/2018:15:05:37 +0000] "GET /post/cate/count HTTP/1.1" 304 - "http://localhost:4000/documentation" "Mozilla/5.0 (Windows NT 10.0; Win64; x64) AppleWebKit/537.36 (KHTML, like Gecko) Chrome/66.0.3359.181 Safari/537.36"
::1 - - [11/Jun/2018:15:05:38 +0000] "GET /post/list?cate=%25EB%2585%25B8%25EB%2593%259CJS&page=1&limit=5 HTTP/1.1" 200 445 "http://localhost:4000/home" "Mozilla/5.0 (Windows NT 10.0; Win64; x64) AppleWebKit/537.36 (KHTML, like Gecko) Chrome/66.0.3359.181 Safari/537.36"
::1 - - [11/Jun/2018:15:05:41 +0000] "GET /post/cate HTTP/1.1" 304 - "http://localhost:4000/home" "Mozilla/5.0 (Windows NT 10.0; Win64; x64) AppleWebKit/537.36 (KHTML, like Gecko) Chrome/66.0.3359.181 Safari/537.36"
::1 - - [11/Jun/2018:15:05:41 +0000] "GET /post/list?cate=%25EB%2585%25B8%25EB%2593%259CJS&page=1&limit=5 HTTP/1.1" 304 - "http://localhost:4000/home" "Mozilla/5.0 (Windows NT 10.0; Win64; x64) AppleWebKit/537.36 (KHTML, like Gecko) Chrome/66.0.3359.181 Safari/537.36"
::1 - - [11/Jun/2018:15:05:50 +0000] "GET /post/list?cate=%25EB%2585%25B8%25EB%2593%259CJS&page=1&limit=5 HTTP/1.1" 304 - "http://localhost:4000/home" "Mozilla/5.0 (Windows NT 10.0; Win64; x64) AppleWebKit/537.36 (KHTML, like Gecko) Chrome/66.0.3359.181 Safari/537.36"
::1 - - [11/Jun/2018:15:05:51 +0000] "GET /post/cate HTTP/1.1" 304 - "http://localhost:4000/home" "Mozilla/5.0 (Windows NT 10.0; Win64; x64) AppleWebKit/537.36 (KHTML, like Gecko) Chrome/66.0.3359.181 Safari/537.36"
::1 - - [11/Jun/2018:15:05:51 +0000] "GET /post/list?cate=%25EB%2585%25B8%25EB%2593%259CJS&page=1&limit=5 HTTP/1.1" 304 - "http://localhost:4000/home" "Mozilla/5.0 (Windows NT 10.0; Win64; x64) AppleWebKit/537.36 (KHTML, like Gecko) Chrome/66.0.3359.181 Safari/537.36"
::1 - - [11/Jun/2018:15:05:55 +0000] "GET /post/cate/count HTTP/1.1" 304 - "http://localhost:4000/documentation" "Mozilla/5.0 (Windows NT 10.0; Win64; x64) AppleWebKit/537.36 (KHTML, like Gecko) Chrome/66.0.3359.181 Safari/537.36"
::1 - - [11/Jun/2018:15:05:55 +0000] "GET /post/list/all HTTP/1.1" 304 - "http://localhost:4000/documentation" "Mozilla/5.0 (Windows NT 10.0; Win64; x64) AppleWebKit/537.36 (KHTML, like Gecko) Chrome/66.0.3359.181 Safari/537.36"
::1 - - [11/Jun/2018:15:06:15 +0000] "GET /post/detail/24 HTTP/1.1" 200 364 "http://localhost:4000/post/24" "Mozilla/5.0 (Windows NT 10.0; Win64; x64) AppleWebKit/537.36 (KHTML, like Gecko) Chrome/66.0.3359.181 Safari/537.36"
::1 - - [11/Jun/2018:15:06:16 +0000] "GET /post/cate/count HTTP/1.1" 304 - "http://localhost:4000/documentation" "Mozilla/5.0 (Windows NT 10.0; Win64; x64) AppleWebKit/537.36 (KHTML, like Gecko) Chrome/66.0.3359.181 Safari/537.36"
::1 - - [11/Jun/2018:15:06:16 +0000] "GET /post/list/all HTTP/1.1" 304 - "http://localhost:4000/documentation" "Mozilla/5.0 (Windows NT 10.0; Win64; x64) AppleWebKit/537.36 (KHTML, like Gecko) Chrome/66.0.3359.181 Safari/537.36"
::1 - - [11/Jun/2018:15:13:06 +0000] "GET /post/cate HTTP/1.1" 304 - "http://localhost:4000/documentation" "Mozilla/5.0 (Windows NT 10.0; Win64; x64) AppleWebKit/537.36 (KHTML, like Gecko) Chrome/66.0.3359.181 Safari/537.36"
::1 - - [11/Jun/2018:15:13:06 +0000] "GET /post/list/all HTTP/1.1" 200 5436 "http://localhost:4000/documentation" "Mozilla/5.0 (Windows NT 10.0; Win64; x64) AppleWebKit/537.36 (KHTML, like Gecko) Chrome/66.0.3359.181 Safari/537.36"
::1 - - [11/Jun/2018:15:13:06 +0000] "GET /post/cate/count HTTP/1.1" 304 - "http://localhost:4000/documentation" "Mozilla/5.0 (Windows NT 10.0; Win64; x64) AppleWebKit/537.36 (KHTML, like Gecko) Chrome/66.0.3359.181 Safari/537.36"
::1 - - [11/Jun/2018:15:13:08 +0000] "GET /post/detail/24 HTTP/1.1" 200 373 "http://localhost:4000/post/24" "Mozilla/5.0 (Windows NT 10.0; Win64; x64) AppleWebKit/537.36 (KHTML, like Gecko) Chrome/66.0.3359.181 Safari/537.36"
::1 - - [11/Jun/2018:15:13:16 +0000] "GET /post/list?cate=%25EB%2585%25B8%25EB%2593%259CJS&page=1&limit=5 HTTP/1.1" 304 - "http://localhost:4000/home" "Mozilla/5.0 (Windows NT 10.0; Win64; x64) AppleWebKit/537.36 (KHTML, like Gecko) Chrome/66.0.3359.181 Safari/537.36"
::1 - - [11/Jun/2018:16:01:54 +0000] "GET /post/cate HTTP/1.1" 304 - "http://localhost:4000/home" "Mozilla/5.0 (Windows NT 10.0; Win64; x64) AppleWebKit/537.36 (KHTML, like Gecko) Chrome/66.0.3359.181 Safari/537.36"
::1 - - [11/Jun/2018:16:01:54 +0000] "GET /post/list?cate=%25EB%2585%25B8%25EB%2593%259CJS&page=1&limit=5 HTTP/1.1" 304 - "http://localhost:4000/home" "Mozilla/5.0 (Windows NT 10.0; Win64; x64) AppleWebKit/537.36 (KHTML, like Gecko) Chrome/66.0.3359.181 Safari/537.36"
